{"C:\\Users\\29010-55-13\\IdeaProjects\\FoodieShare\\front\\src\\App.jsx": {"path":"C:\\Users\\29010-55-13\\IdeaProjects\\FoodieShare\\front\\src\\App.jsx","statementMap":{"0":{"start":{"line":18,"column":4},"end":{"line":43,"column":6}}},"fnMap":{"0":{"name":"App","decl":{"start":{"line":17,"column":9},"end":{"line":17,"column":12}},"loc":{"start":{"line":17,"column":15},"end":{"line":44,"column":1}},"line":17}},"branchMap":{},"s":{"0":0},"f":{"0":0},"b":{}}
,"C:\\Users\\29010-55-13\\IdeaProjects\\FoodieShare\\front\\src\\main.jsx": {"path":"C:\\Users\\29010-55-13\\IdeaProjects\\FoodieShare\\front\\src\\main.jsx","statementMap":{"0":{"start":{"line":6,"column":0},"end":{"line":10,"column":2}}},"fnMap":{},"branchMap":{},"s":{"0":0},"f":{},"b":{}}
,"C:\\Users\\29010-55-13\\IdeaProjects\\FoodieShare\\front\\src\\auth\\authContext.jsx": {"path":"C:\\Users\\29010-55-13\\IdeaProjects\\FoodieShare\\front\\src\\auth\\authContext.jsx","statementMap":{"0":{"start":{"line":3,"column":20},"end":{"line":3,"column":39}}},"fnMap":{},"branchMap":{},"s":{"0":0},"f":{},"b":{}}
,"C:\\Users\\29010-55-13\\IdeaProjects\\FoodieShare\\front\\src\\auth\\authProvider.jsx": {"path":"C:\\Users\\29010-55-13\\IdeaProjects\\FoodieShare\\front\\src\\auth\\authProvider.jsx","statementMap":{"0":{"start":{"line":6,"column":28},"end":{"line":6,"column":42}},"1":{"start":{"line":7,"column":50},"end":{"line":7,"column":65}},"2":{"start":{"line":9,"column":4},"end":{"line":15,"column":11}},"3":{"start":{"line":10,"column":27},"end":{"line":10,"column":55}},"4":{"start":{"line":11,"column":8},"end":{"line":14,"column":9}},"5":{"start":{"line":12,"column":12},"end":{"line":12,"column":44}},"6":{"start":{"line":13,"column":12},"end":{"line":13,"column":37}},"7":{"start":{"line":17,"column":18},"end":{"line":21,"column":5}},"8":{"start":{"line":18,"column":8},"end":{"line":18,"column":26}},"9":{"start":{"line":19,"column":8},"end":{"line":19,"column":33}},"10":{"start":{"line":20,"column":8},"end":{"line":20,"column":63}},"11":{"start":{"line":23,"column":19},"end":{"line":27,"column":5}},"12":{"start":{"line":24,"column":8},"end":{"line":24,"column":22}},"13":{"start":{"line":25,"column":8},"end":{"line":25,"column":33}},"14":{"start":{"line":26,"column":8},"end":{"line":26,"column":40}},"15":{"start":{"line":29,"column":4},"end":{"line":33,"column":6}},"16":{"start":{"line":36,"column":0},"end":{"line":38,"column":2}}},"fnMap":{"0":{"name":"AuthProvider","decl":{"start":{"line":5,"column":9},"end":{"line":5,"column":21}},"loc":{"start":{"line":5,"column":36},"end":{"line":34,"column":1}},"line":5},"1":{"name":"(anonymous_1)","decl":{"start":{"line":9,"column":14},"end":{"line":9,"column":15}},"loc":{"start":{"line":9,"column":20},"end":{"line":15,"column":5}},"line":9},"2":{"name":"(anonymous_2)","decl":{"start":{"line":17,"column":18},"end":{"line":17,"column":19}},"loc":{"start":{"line":17,"column":32},"end":{"line":21,"column":5}},"line":17},"3":{"name":"(anonymous_3)","decl":{"start":{"line":23,"column":19},"end":{"line":23,"column":20}},"loc":{"start":{"line":23,"column":25},"end":{"line":27,"column":5}},"line":23}},"branchMap":{"0":{"loc":{"start":{"line":11,"column":8},"end":{"line":14,"column":9}},"type":"if","locations":[{"start":{"line":11,"column":8},"end":{"line":14,"column":9}},{"start":{},"end":{}}],"line":11}},"s":{"0":0,"1":0,"2":0,"3":0,"4":0,"5":0,"6":0,"7":0,"8":0,"9":0,"10":0,"11":0,"12":0,"13":0,"14":0,"15":0,"16":0},"f":{"0":0,"1":0,"2":0,"3":0},"b":{"0":[0,0]}}
,"C:\\Users\\29010-55-13\\IdeaProjects\\FoodieShare\\front\\src\\components\\Footer.jsx": {"path":"C:\\Users\\29010-55-13\\IdeaProjects\\FoodieShare\\front\\src\\components\\Footer.jsx","statementMap":{"0":{"start":{"line":3,"column":15},"end":{"line":26,"column":1}},"1":{"start":{"line":4,"column":4},"end":{"line":25,"column":6}}},"fnMap":{"0":{"name":"(anonymous_0)","decl":{"start":{"line":3,"column":15},"end":{"line":3,"column":16}},"loc":{"start":{"line":3,"column":21},"end":{"line":26,"column":1}},"line":3}},"branchMap":{},"s":{"0":0,"1":0},"f":{"0":0},"b":{}}
,"C:\\Users\\29010-55-13\\IdeaProjects\\FoodieShare\\front\\src\\components\\Navbar.jsx": {"path":"C:\\Users\\29010-55-13\\IdeaProjects\\FoodieShare\\front\\src\\components\\Navbar.jsx","statementMap":{"0":{"start":{"line":7,"column":29},"end":{"line":7,"column":52}},"1":{"start":{"line":9,"column":25},"end":{"line":13,"column":5}},"2":{"start":{"line":10,"column":8},"end":{"line":12,"column":9}},"3":{"start":{"line":11,"column":12},"end":{"line":11,"column":21}},"4":{"start":{"line":15,"column":4},"end":{"line":71,"column":6}},"5":{"start":{"line":21,"column":49},"end":{"line":21,"column":101}},"6":{"start":{"line":27,"column":49},"end":{"line":27,"column":101}},"7":{"start":{"line":35,"column":57},"end":{"line":35,"column":109}},"8":{"start":{"line":41,"column":57},"end":{"line":41,"column":109}},"9":{"start":{"line":57,"column":57},"end":{"line":57,"column":109}},"10":{"start":{"line":63,"column":57},"end":{"line":63,"column":109}}},"fnMap":{"0":{"name":"Navbar","decl":{"start":{"line":6,"column":9},"end":{"line":6,"column":15}},"loc":{"start":{"line":6,"column":18},"end":{"line":72,"column":1}},"line":6},"1":{"name":"(anonymous_1)","decl":{"start":{"line":9,"column":25},"end":{"line":9,"column":26}},"loc":{"start":{"line":9,"column":31},"end":{"line":13,"column":5}},"line":9},"2":{"name":"(anonymous_2)","decl":{"start":{"line":21,"column":31},"end":{"line":21,"column":32}},"loc":{"start":{"line":21,"column":49},"end":{"line":21,"column":101}},"line":21},"3":{"name":"(anonymous_3)","decl":{"start":{"line":27,"column":31},"end":{"line":27,"column":32}},"loc":{"start":{"line":27,"column":49},"end":{"line":27,"column":101}},"line":27},"4":{"name":"(anonymous_4)","decl":{"start":{"line":35,"column":39},"end":{"line":35,"column":40}},"loc":{"start":{"line":35,"column":57},"end":{"line":35,"column":109}},"line":35},"5":{"name":"(anonymous_5)","decl":{"start":{"line":41,"column":39},"end":{"line":41,"column":40}},"loc":{"start":{"line":41,"column":57},"end":{"line":41,"column":109}},"line":41},"6":{"name":"(anonymous_6)","decl":{"start":{"line":57,"column":39},"end":{"line":57,"column":40}},"loc":{"start":{"line":57,"column":57},"end":{"line":57,"column":109}},"line":57},"7":{"name":"(anonymous_7)","decl":{"start":{"line":63,"column":39},"end":{"line":63,"column":40}},"loc":{"start":{"line":63,"column":57},"end":{"line":63,"column":109}},"line":63}},"branchMap":{"0":{"loc":{"start":{"line":10,"column":8},"end":{"line":12,"column":9}},"type":"if","locations":[{"start":{"line":10,"column":8},"end":{"line":12,"column":9}},{"start":{},"end":{}}],"line":10},"1":{"loc":{"start":{"line":21,"column":49},"end":{"line":21,"column":101}},"type":"cond-expr","locations":[{"start":{"line":21,"column":60},"end":{"line":21,"column":85}},{"start":{"line":21,"column":88},"end":{"line":21,"column":101}}],"line":21},"2":{"loc":{"start":{"line":27,"column":49},"end":{"line":27,"column":101}},"type":"cond-expr","locations":[{"start":{"line":27,"column":60},"end":{"line":27,"column":85}},{"start":{"line":27,"column":88},"end":{"line":27,"column":101}}],"line":27},"3":{"loc":{"start":{"line":31,"column":17},"end":{"line":68,"column":17}},"type":"cond-expr","locations":[{"start":{"line":32,"column":20},"end":{"line":52,"column":23}},{"start":{"line":54,"column":20},"end":{"line":67,"column":23}}],"line":31},"4":{"loc":{"start":{"line":35,"column":57},"end":{"line":35,"column":109}},"type":"cond-expr","locations":[{"start":{"line":35,"column":68},"end":{"line":35,"column":93}},{"start":{"line":35,"column":96},"end":{"line":35,"column":109}}],"line":35},"5":{"loc":{"start":{"line":41,"column":57},"end":{"line":41,"column":109}},"type":"cond-expr","locations":[{"start":{"line":41,"column":68},"end":{"line":41,"column":93}},{"start":{"line":41,"column":96},"end":{"line":41,"column":109}}],"line":41},"6":{"loc":{"start":{"line":57,"column":57},"end":{"line":57,"column":109}},"type":"cond-expr","locations":[{"start":{"line":57,"column":68},"end":{"line":57,"column":93}},{"start":{"line":57,"column":96},"end":{"line":57,"column":109}}],"line":57},"7":{"loc":{"start":{"line":63,"column":57},"end":{"line":63,"column":109}},"type":"cond-expr","locations":[{"start":{"line":63,"column":68},"end":{"line":63,"column":93}},{"start":{"line":63,"column":96},"end":{"line":63,"column":109}}],"line":63}},"s":{"0":0,"1":0,"2":0,"3":0,"4":0,"5":0,"6":0,"7":0,"8":0,"9":0,"10":0},"f":{"0":0,"1":0,"2":0,"3":0,"4":0,"5":0,"6":0,"7":0},"b":{"0":[0,0],"1":[0,0],"2":[0,0],"3":[0,0],"4":[0,0],"5":[0,0],"6":[0,0],"7":[0,0]}}
,"C:\\Users\\29010-55-13\\IdeaProjects\\FoodieShare\\front\\src\\components\\PrivateRoute.jsx": {"path":"C:\\Users\\29010-55-13\\IdeaProjects\\FoodieShare\\front\\src\\components\\PrivateRoute.jsx","statementMap":{"0":{"start":{"line":11,"column":21},"end":{"line":11,"column":44}},"1":{"start":{"line":12,"column":4},"end":{"line":12,"column":54}},"2":{"start":{"line":15,"column":0},"end":{"line":17,"column":2}}},"fnMap":{"0":{"name":"PrivateRoute","decl":{"start":{"line":10,"column":9},"end":{"line":10,"column":21}},"loc":{"start":{"line":10,"column":36},"end":{"line":13,"column":1}},"line":10}},"branchMap":{"0":{"loc":{"start":{"line":12,"column":11},"end":{"line":12,"column":53}},"type":"cond-expr","locations":[{"start":{"line":12,"column":18},"end":{"line":12,"column":26}},{"start":{"line":12,"column":29},"end":{"line":12,"column":53}}],"line":12}},"s":{"0":0,"1":0,"2":0},"f":{"0":0},"b":{"0":[0,0]}}
,"C:\\Users\\29010-55-13\\IdeaProjects\\FoodieShare\\front\\src\\pages\\Home.jsx": {"path":"C:\\Users\\29010-55-13\\IdeaProjects\\FoodieShare\\front\\src\\pages\\Home.jsx","statementMap":{"0":{"start":{"line":7,"column":4},"end":{"line":17,"column":6}}},"fnMap":{"0":{"name":"Home","decl":{"start":{"line":6,"column":9},"end":{"line":6,"column":13}},"loc":{"start":{"line":6,"column":16},"end":{"line":18,"column":1}},"line":6}},"branchMap":{},"s":{"0":0},"f":{"0":0},"b":{}}
,"C:\\Users\\29010-55-13\\IdeaProjects\\FoodieShare\\front\\src\\pages\\Login.jsx": {"path":"C:\\Users\\29010-55-13\\IdeaProjects\\FoodieShare\\front\\src\\pages\\Login.jsx","statementMap":{"0":{"start":{"line":8,"column":30},"end":{"line":8,"column":42}},"1":{"start":{"line":9,"column":36},"end":{"line":9,"column":48}},"2":{"start":{"line":10,"column":39},"end":{"line":10,"column":62}},"3":{"start":{"line":11,"column":21},"end":{"line":11,"column":34}},"4":{"start":{"line":12,"column":30},"end":{"line":12,"column":42}},"5":{"start":{"line":15,"column":4},"end":{"line":19,"column":36}},"6":{"start":{"line":16,"column":8},"end":{"line":18,"column":9}},"7":{"start":{"line":17,"column":12},"end":{"line":17,"column":33}},"8":{"start":{"line":21,"column":25},"end":{"line":31,"column":5}},"9":{"start":{"line":22,"column":8},"end":{"line":22,"column":27}},"10":{"start":{"line":23,"column":8},"end":{"line":30,"column":9}},"11":{"start":{"line":24,"column":29},"end":{"line":24,"column":113}},"12":{"start":{"line":25,"column":12},"end":{"line":25,"column":33}},"13":{"start":{"line":26,"column":12},"end":{"line":26,"column":33}},"14":{"start":{"line":28,"column":12},"end":{"line":28,"column":81}},"15":{"start":{"line":29,"column":12},"end":{"line":29,"column":112}},"16":{"start":{"line":33,"column":4},"end":{"line":59,"column":6}},"17":{"start":{"line":44,"column":37},"end":{"line":44,"column":61}},"18":{"start":{"line":53,"column":37},"end":{"line":53,"column":64}}},"fnMap":{"0":{"name":"Login","decl":{"start":{"line":7,"column":9},"end":{"line":7,"column":14}},"loc":{"start":{"line":7,"column":17},"end":{"line":60,"column":1}},"line":7},"1":{"name":"(anonymous_1)","decl":{"start":{"line":15,"column":14},"end":{"line":15,"column":15}},"loc":{"start":{"line":15,"column":20},"end":{"line":19,"column":5}},"line":15},"2":{"name":"(anonymous_2)","decl":{"start":{"line":21,"column":25},"end":{"line":21,"column":26}},"loc":{"start":{"line":21,"column":38},"end":{"line":31,"column":5}},"line":21},"3":{"name":"(anonymous_3)","decl":{"start":{"line":44,"column":30},"end":{"line":44,"column":31}},"loc":{"start":{"line":44,"column":37},"end":{"line":44,"column":61}},"line":44},"4":{"name":"(anonymous_4)","decl":{"start":{"line":53,"column":30},"end":{"line":53,"column":31}},"loc":{"start":{"line":53,"column":37},"end":{"line":53,"column":64}},"line":53}},"branchMap":{"0":{"loc":{"start":{"line":16,"column":8},"end":{"line":18,"column":9}},"type":"if","locations":[{"start":{"line":16,"column":8},"end":{"line":18,"column":9}},{"start":{},"end":{}}],"line":16},"1":{"loc":{"start":{"line":29,"column":58},"end":{"line":29,"column":110}},"type":"cond-expr","locations":[{"start":{"line":29,"column":75},"end":{"line":29,"column":94}},{"start":{"line":29,"column":97},"end":{"line":29,"column":110}}],"line":29},"2":{"loc":{"start":{"line":37,"column":17},"end":{"line":37,"column":65}},"type":"binary-expr","locations":[{"start":{"line":37,"column":17},"end":{"line":37,"column":22}},{"start":{"line":37,"column":26},"end":{"line":37,"column":65}}],"line":37}},"s":{"0":0,"1":0,"2":0,"3":0,"4":0,"5":0,"6":0,"7":0,"8":0,"9":0,"10":0,"11":0,"12":0,"13":0,"14":0,"15":0,"16":0,"17":0,"18":0},"f":{"0":0,"1":0,"2":0,"3":0,"4":0},"b":{"0":[0,0],"1":[0,0],"2":[0,0]}}
,"C:\\Users\\29010-55-13\\IdeaProjects\\FoodieShare\\front\\src\\pages\\NotFound.jsx": {"path":"C:\\Users\\29010-55-13\\IdeaProjects\\FoodieShare\\front\\src\\pages\\NotFound.jsx","statementMap":{"0":{"start":{"line":3,"column":4},"end":{"line":9,"column":6}}},"fnMap":{"0":{"name":"NotFound","decl":{"start":{"line":2,"column":9},"end":{"line":2,"column":17}},"loc":{"start":{"line":2,"column":21},"end":{"line":10,"column":1}},"line":2}},"branchMap":{},"s":{"0":0},"f":{"0":0},"b":{}}
,"C:\\Users\\29010-55-13\\IdeaProjects\\FoodieShare\\front\\src\\pages\\RecipeDetail.jsx": {"path":"C:\\Users\\29010-55-13\\IdeaProjects\\FoodieShare\\front\\src\\pages\\RecipeDetail.jsx","statementMap":{"0":{"start":{"line":6,"column":19},"end":{"line":6,"column":30}},"1":{"start":{"line":7,"column":32},"end":{"line":7,"column":46}},"2":{"start":{"line":9,"column":4},"end":{"line":13,"column":13}},"3":{"start":{"line":10,"column":8},"end":{"line":12,"column":94}},"4":{"start":{"line":11,"column":30},"end":{"line":11,"column":54}},"5":{"start":{"line":12,"column":28},"end":{"line":12,"column":92}},"6":{"start":{"line":15,"column":4},"end":{"line":15,"column":45}},"7":{"start":{"line":15,"column":17},"end":{"line":15,"column":45}},"8":{"start":{"line":17,"column":4},"end":{"line":34,"column":6}},"9":{"start":{"line":24,"column":20},"end":{"line":24,"column":53}},"10":{"start":{"line":30,"column":20},"end":{"line":30,"column":47}}},"fnMap":{"0":{"name":"RecipeDetail","decl":{"start":{"line":5,"column":9},"end":{"line":5,"column":21}},"loc":{"start":{"line":5,"column":24},"end":{"line":35,"column":1}},"line":5},"1":{"name":"(anonymous_1)","decl":{"start":{"line":9,"column":14},"end":{"line":9,"column":15}},"loc":{"start":{"line":9,"column":20},"end":{"line":13,"column":5}},"line":9},"2":{"name":"(anonymous_2)","decl":{"start":{"line":11,"column":18},"end":{"line":11,"column":19}},"loc":{"start":{"line":11,"column":30},"end":{"line":11,"column":54}},"line":11},"3":{"name":"(anonymous_3)","decl":{"start":{"line":12,"column":19},"end":{"line":12,"column":20}},"loc":{"start":{"line":12,"column":28},"end":{"line":12,"column":92}},"line":12},"4":{"name":"(anonymous_4)","decl":{"start":{"line":23,"column":40},"end":{"line":23,"column":41}},"loc":{"start":{"line":24,"column":20},"end":{"line":24,"column":53}},"line":24},"5":{"name":"(anonymous_5)","decl":{"start":{"line":29,"column":34},"end":{"line":29,"column":35}},"loc":{"start":{"line":30,"column":20},"end":{"line":30,"column":47}},"line":30}},"branchMap":{"0":{"loc":{"start":{"line":15,"column":4},"end":{"line":15,"column":45}},"type":"if","locations":[{"start":{"line":15,"column":4},"end":{"line":15,"column":45}},{"start":{},"end":{}}],"line":15}},"s":{"0":0,"1":0,"2":0,"3":0,"4":0,"5":0,"6":0,"7":0,"8":0,"9":0,"10":0},"f":{"0":0,"1":0,"2":0,"3":0,"4":0,"5":0},"b":{"0":[0,0]}}
,"C:\\Users\\29010-55-13\\IdeaProjects\\FoodieShare\\front\\src\\pages\\Recipes.jsx": {"path":"C:\\Users\\29010-55-13\\IdeaProjects\\FoodieShare\\front\\src\\pages\\Recipes.jsx","statementMap":{"0":{"start":{"line":8,"column":34},"end":{"line":8,"column":46}},"1":{"start":{"line":10,"column":4},"end":{"line":14,"column":11}},"2":{"start":{"line":11,"column":8},"end":{"line":13,"column":93}},"3":{"start":{"line":12,"column":30},"end":{"line":12,"column":55}},"4":{"start":{"line":13,"column":28},"end":{"line":13,"column":91}},"5":{"start":{"line":16,"column":4},"end":{"line":34,"column":6}},"6":{"start":{"line":21,"column":20},"end":{"line":27,"column":26}}},"fnMap":{"0":{"name":"Recipes","decl":{"start":{"line":7,"column":9},"end":{"line":7,"column":16}},"loc":{"start":{"line":7,"column":19},"end":{"line":35,"column":1}},"line":7},"1":{"name":"(anonymous_1)","decl":{"start":{"line":10,"column":14},"end":{"line":10,"column":15}},"loc":{"start":{"line":10,"column":20},"end":{"line":14,"column":5}},"line":10},"2":{"name":"(anonymous_2)","decl":{"start":{"line":12,"column":18},"end":{"line":12,"column":19}},"loc":{"start":{"line":12,"column":30},"end":{"line":12,"column":55}},"line":12},"3":{"name":"(anonymous_3)","decl":{"start":{"line":13,"column":19},"end":{"line":13,"column":20}},"loc":{"start":{"line":13,"column":28},"end":{"line":13,"column":91}},"line":13},"4":{"name":"(anonymous_4)","decl":{"start":{"line":20,"column":29},"end":{"line":20,"column":30}},"loc":{"start":{"line":21,"column":20},"end":{"line":27,"column":26}},"line":21}},"branchMap":{"0":{"loc":{"start":{"line":23,"column":38},"end":{"line":23,"column":61}},"type":"binary-expr","locations":[{"start":{"line":23,"column":38},"end":{"line":23,"column":53}},{"start":{"line":23,"column":57},"end":{"line":23,"column":61}}],"line":23}},"s":{"0":0,"1":0,"2":0,"3":0,"4":0,"5":0,"6":0},"f":{"0":0,"1":0,"2":0,"3":0,"4":0},"b":{"0":[0,0]}}
,"C:\\Users\\29010-55-13\\IdeaProjects\\FoodieShare\\front\\src\\pages\\Register.jsx": {"path":"C:\\Users\\29010-55-13\\IdeaProjects\\FoodieShare\\front\\src\\pages\\Register.jsx","statementMap":{"0":{"start":{"line":6,"column":28},"end":{"line":6,"column":40}},"1":{"start":{"line":7,"column":30},"end":{"line":7,"column":42}},"2":{"start":{"line":8,"column":36},"end":{"line":8,"column":48}},"3":{"start":{"line":9,"column":30},"end":{"line":9,"column":42}},"4":{"start":{"line":11,"column":25},"end":{"line":21,"column":5}},"5":{"start":{"line":12,"column":8},"end":{"line":12,"column":27}},"6":{"start":{"line":13,"column":8},"end":{"line":13,"column":21}},"7":{"start":{"line":14,"column":8},"end":{"line":20,"column":9}},"8":{"start":{"line":15,"column":12},"end":{"line":15,"column":106}},"9":{"start":{"line":16,"column":12},"end":{"line":16,"column":82}},"10":{"start":{"line":18,"column":12},"end":{"line":18,"column":67}},"11":{"start":{"line":19,"column":12},"end":{"line":19,"column":91}},"12":{"start":{"line":23,"column":4},"end":{"line":65,"column":6}},"13":{"start":{"line":35,"column":37},"end":{"line":35,"column":60}},"14":{"start":{"line":46,"column":37},"end":{"line":46,"column":61}},"15":{"start":{"line":57,"column":37},"end":{"line":57,"column":64}}},"fnMap":{"0":{"name":"Register","decl":{"start":{"line":5,"column":9},"end":{"line":5,"column":17}},"loc":{"start":{"line":5,"column":20},"end":{"line":66,"column":1}},"line":5},"1":{"name":"(anonymous_1)","decl":{"start":{"line":11,"column":25},"end":{"line":11,"column":26}},"loc":{"start":{"line":11,"column":38},"end":{"line":21,"column":5}},"line":11},"2":{"name":"(anonymous_2)","decl":{"start":{"line":35,"column":30},"end":{"line":35,"column":31}},"loc":{"start":{"line":35,"column":37},"end":{"line":35,"column":60}},"line":35},"3":{"name":"(anonymous_3)","decl":{"start":{"line":46,"column":30},"end":{"line":46,"column":31}},"loc":{"start":{"line":46,"column":37},"end":{"line":46,"column":61}},"line":46},"4":{"name":"(anonymous_4)","decl":{"start":{"line":57,"column":30},"end":{"line":57,"column":31}},"loc":{"start":{"line":57,"column":37},"end":{"line":57,"column":64}},"line":57}},"branchMap":{"0":{"loc":{"start":{"line":27,"column":17},"end":{"line":27,"column":70}},"type":"binary-expr","locations":[{"start":{"line":27,"column":17},"end":{"line":27,"column":22}},{"start":{"line":27,"column":26},"end":{"line":27,"column":70}}],"line":27}},"s":{"0":0,"1":0,"2":0,"3":0,"4":0,"5":0,"6":0,"7":0,"8":0,"9":0,"10":0,"11":0,"12":0,"13":0,"14":0,"15":0},"f":{"0":0,"1":0,"2":0,"3":0,"4":0},"b":{"0":[0,0]}}
,"C:\\Users\\29010-55-13\\IdeaProjects\\FoodieShare\\front\\src\\pages\\SubmitRecipe.jsx": {"path":"C:\\Users\\29010-55-13\\IdeaProjects\\FoodieShare\\front\\src\\pages\\SubmitRecipe.jsx","statementMap":{"0":{"start":{"line":10,"column":36},"end":{"line":16,"column":6}},"1":{"start":{"line":17,"column":34},"end":{"line":17,"column":49}},"2":{"start":{"line":18,"column":30},"end":{"line":18,"column":44}},"3":{"start":{"line":19,"column":21},"end":{"line":19,"column":44}},"4":{"start":{"line":20,"column":21},"end":{"line":20,"column":34}},"5":{"start":{"line":22,"column":30},"end":{"line":28,"column":5}},"6":{"start":{"line":23,"column":32},"end":{"line":23,"column":40}},"7":{"start":{"line":24,"column":8},"end":{"line":27,"column":12}},"8":{"start":{"line":24,"column":34},"end":{"line":27,"column":9}},"9":{"start":{"line":30,"column":32},"end":{"line":36,"column":5}},"10":{"start":{"line":31,"column":26},"end":{"line":31,"column":34}},"11":{"start":{"line":32,"column":8},"end":{"line":35,"column":12}},"12":{"start":{"line":32,"column":34},"end":{"line":35,"column":9}},"13":{"start":{"line":38,"column":25},"end":{"line":44,"column":5}},"14":{"start":{"line":39,"column":59},"end":{"line":39,"column":67}},"15":{"start":{"line":40,"column":8},"end":{"line":42,"column":9}},"16":{"start":{"line":41,"column":12},"end":{"line":41,"column":59}},"17":{"start":{"line":43,"column":8},"end":{"line":43,"column":20}},"18":{"start":{"line":46,"column":25},"end":{"line":94,"column":5}},"19":{"start":{"line":47,"column":8},"end":{"line":47,"column":27}},"20":{"start":{"line":49,"column":8},"end":{"line":52,"column":9}},"21":{"start":{"line":50,"column":12},"end":{"line":50,"column":74}},"22":{"start":{"line":51,"column":12},"end":{"line":51,"column":19}},"23":{"start":{"line":54,"column":32},"end":{"line":54,"column":46}},"24":{"start":{"line":55,"column":8},"end":{"line":58,"column":9}},"25":{"start":{"line":56,"column":12},"end":{"line":56,"column":38}},"26":{"start":{"line":57,"column":12},"end":{"line":57,"column":19}},"27":{"start":{"line":60,"column":8},"end":{"line":60,"column":23}},"28":{"start":{"line":61,"column":8},"end":{"line":61,"column":25}},"29":{"start":{"line":63,"column":8},"end":{"line":93,"column":9}},"30":{"start":{"line":64,"column":30},"end":{"line":75,"column":13}},"31":{"start":{"line":66,"column":79},"end":{"line":66,"column":96}},"32":{"start":{"line":67,"column":61},"end":{"line":67,"column":72}},"33":{"start":{"line":67,"column":89},"end":{"line":67,"column":93}},"34":{"start":{"line":70,"column":60},"end":{"line":74,"column":17}},"35":{"start":{"line":78,"column":12},"end":{"line":82,"column":15}},"36":{"start":{"line":84,"column":12},"end":{"line":84,"column":33}},"37":{"start":{"line":86,"column":29},"end":{"line":88,"column":110}},"38":{"start":{"line":89,"column":12},"end":{"line":89,"column":31}},"39":{"start":{"line":90,"column":12},"end":{"line":90,"column":80}},"40":{"start":{"line":92,"column":12},"end":{"line":92,"column":30}},"41":{"start":{"line":96,"column":4},"end":{"line":145,"column":6}},"42":{"start":{"line":136,"column":56},"end":{"line":136,"column":71}},"43":{"start":{"line":148,"column":19},"end":{"line":156,"column":1}},"44":{"start":{"line":149,"column":4},"end":{"line":155,"column":6}},"45":{"start":{"line":158,"column":0},"end":{"line":162,"column":2}},"46":{"start":{"line":164,"column":22},"end":{"line":171,"column":1}},"47":{"start":{"line":165,"column":4},"end":{"line":170,"column":6}},"48":{"start":{"line":173,"column":0},"end":{"line":177,"column":2}},"49":{"start":{"line":179,"column":21},"end":{"line":183,"column":1}},"50":{"start":{"line":180,"column":4},"end":{"line":182,"column":10}},"51":{"start":{"line":185,"column":0},"end":{"line":187,"column":2}}},"fnMap":{"0":{"name":"SubmitRecipe","decl":{"start":{"line":9,"column":9},"end":{"line":9,"column":21}},"loc":{"start":{"line":9,"column":24},"end":{"line":146,"column":1}},"line":9},"1":{"name":"(anonymous_1)","decl":{"start":{"line":22,"column":30},"end":{"line":22,"column":31}},"loc":{"start":{"line":22,"column":37},"end":{"line":28,"column":5}},"line":22},"2":{"name":"(anonymous_2)","decl":{"start":{"line":24,"column":20},"end":{"line":24,"column":21}},"loc":{"start":{"line":24,"column":34},"end":{"line":27,"column":9}},"line":24},"3":{"name":"(anonymous_3)","decl":{"start":{"line":30,"column":32},"end":{"line":30,"column":33}},"loc":{"start":{"line":30,"column":39},"end":{"line":36,"column":5}},"line":30},"4":{"name":"(anonymous_4)","decl":{"start":{"line":32,"column":20},"end":{"line":32,"column":21}},"loc":{"start":{"line":32,"column":34},"end":{"line":35,"column":9}},"line":32},"5":{"name":"(anonymous_5)","decl":{"start":{"line":38,"column":25},"end":{"line":38,"column":26}},"loc":{"start":{"line":38,"column":31},"end":{"line":44,"column":5}},"line":38},"6":{"name":"(anonymous_6)","decl":{"start":{"line":46,"column":25},"end":{"line":46,"column":26}},"loc":{"start":{"line":46,"column":38},"end":{"line":94,"column":5}},"line":46},"7":{"name":"(anonymous_7)","decl":{"start":{"line":66,"column":65},"end":{"line":66,"column":66}},"loc":{"start":{"line":66,"column":79},"end":{"line":66,"column":96}},"line":66},"8":{"name":"(anonymous_8)","decl":{"start":{"line":67,"column":53},"end":{"line":67,"column":54}},"loc":{"start":{"line":67,"column":61},"end":{"line":67,"column":72}},"line":67},"9":{"name":"(anonymous_9)","decl":{"start":{"line":67,"column":81},"end":{"line":67,"column":82}},"loc":{"start":{"line":67,"column":89},"end":{"line":67,"column":93}},"line":67},"10":{"name":"(anonymous_10)","decl":{"start":{"line":70,"column":48},"end":{"line":70,"column":49}},"loc":{"start":{"line":70,"column":60},"end":{"line":74,"column":17}},"line":70},"11":{"name":"(anonymous_11)","decl":{"start":{"line":136,"column":45},"end":{"line":136,"column":46}},"loc":{"start":{"line":136,"column":56},"end":{"line":136,"column":71}},"line":136},"12":{"name":"(anonymous_12)","decl":{"start":{"line":148,"column":19},"end":{"line":148,"column":20}},"loc":{"start":{"line":149,"column":4},"end":{"line":155,"column":6}},"line":149},"13":{"name":"(anonymous_13)","decl":{"start":{"line":164,"column":22},"end":{"line":164,"column":23}},"loc":{"start":{"line":165,"column":4},"end":{"line":170,"column":6}},"line":165},"14":{"name":"(anonymous_14)","decl":{"start":{"line":179,"column":21},"end":{"line":179,"column":22}},"loc":{"start":{"line":180,"column":4},"end":{"line":182,"column":10}},"line":180}},"branchMap":{"0":{"loc":{"start":{"line":40,"column":8},"end":{"line":42,"column":9}},"type":"if","locations":[{"start":{"line":40,"column":8},"end":{"line":42,"column":9}},{"start":{},"end":{}}],"line":40},"1":{"loc":{"start":{"line":40,"column":12},"end":{"line":40,"column":60}},"type":"binary-expr","locations":[{"start":{"line":40,"column":12},"end":{"line":40,"column":18}},{"start":{"line":40,"column":22},"end":{"line":40,"column":34}},{"start":{"line":40,"column":38},"end":{"line":40,"column":50}},{"start":{"line":40,"column":54},"end":{"line":40,"column":60}}],"line":40},"2":{"loc":{"start":{"line":49,"column":8},"end":{"line":52,"column":9}},"type":"if","locations":[{"start":{"line":49,"column":8},"end":{"line":52,"column":9}},{"start":{},"end":{}}],"line":49},"3":{"loc":{"start":{"line":55,"column":8},"end":{"line":58,"column":9}},"type":"if","locations":[{"start":{"line":55,"column":8},"end":{"line":58,"column":9}},{"start":{},"end":{}}],"line":55},"4":{"loc":{"start":{"line":86,"column":29},"end":{"line":88,"column":110}},"type":"cond-expr","locations":[{"start":{"line":87,"column":18},"end":{"line":87,"column":45}},{"start":{"line":88,"column":18},"end":{"line":88,"column":110}}],"line":86},"5":{"loc":{"start":{"line":86,"column":29},"end":{"line":86,"column":97}},"type":"binary-expr","locations":[{"start":{"line":86,"column":29},"end":{"line":86,"column":43}},{"start":{"line":86,"column":47},"end":{"line":86,"column":66}},{"start":{"line":86,"column":70},"end":{"line":86,"column":97}}],"line":86},"6":{"loc":{"start":{"line":100,"column":13},"end":{"line":100,"column":54}},"type":"binary-expr","locations":[{"start":{"line":100,"column":13},"end":{"line":100,"column":18}},{"start":{"line":100,"column":22},"end":{"line":100,"column":54}}],"line":100},"7":{"loc":{"start":{"line":141,"column":17},"end":{"line":141,"column":71}},"type":"cond-expr","locations":[{"start":{"line":141,"column":27},"end":{"line":141,"column":46}},{"start":{"line":141,"column":49},"end":{"line":141,"column":71}}],"line":141}},"s":{"0":0,"1":0,"2":0,"3":0,"4":0,"5":0,"6":0,"7":0,"8":0,"9":0,"10":0,"11":0,"12":0,"13":0,"14":0,"15":0,"16":0,"17":0,"18":0,"19":0,"20":0,"21":0,"22":0,"23":0,"24":0,"25":0,"26":0,"27":0,"28":0,"29":0,"30":0,"31":0,"32":0,"33":0,"34":0,"35":0,"36":0,"37":0,"38":0,"39":0,"40":0,"41":0,"42":0,"43":0,"44":0,"45":0,"46":0,"47":0,"48":0,"49":0,"50":0,"51":0},"f":{"0":0,"1":0,"2":0,"3":0,"4":0,"5":0,"6":0,"7":0,"8":0,"9":0,"10":0,"11":0,"12":0,"13":0,"14":0},"b":{"0":[0,0],"1":[0,0,0,0],"2":[0,0],"3":[0,0],"4":[0,0],"5":[0,0,0],"6":[0,0],"7":[0,0]}}
,"C:\\Users\\29010-55-13\\IdeaProjects\\FoodieShare\\front\\src\\pages\\UserProfile.jsx": {"path":"C:\\Users\\29010-55-13\\IdeaProjects\\FoodieShare\\front\\src\\pages\\UserProfile.jsx","statementMap":{"0":{"start":{"line":9,"column":21},"end":{"line":9,"column":44}},"1":{"start":{"line":10,"column":34},"end":{"line":10,"column":46}},"2":{"start":{"line":11,"column":34},"end":{"line":11,"column":48}},"3":{"start":{"line":12,"column":30},"end":{"line":12,"column":44}},"4":{"start":{"line":13,"column":21},"end":{"line":13,"column":34}},"5":{"start":{"line":15,"column":4},"end":{"line":35,"column":15}},"6":{"start":{"line":16,"column":33},"end":{"line":30,"column":9}},"7":{"start":{"line":17,"column":12},"end":{"line":29,"column":13}},"8":{"start":{"line":18,"column":33},"end":{"line":22,"column":18}},"9":{"start":{"line":23,"column":16},"end":{"line":23,"column":42}},"10":{"start":{"line":25,"column":16},"end":{"line":25,"column":68}},"11":{"start":{"line":26,"column":16},"end":{"line":26,"column":98}},"12":{"start":{"line":28,"column":16},"end":{"line":28,"column":34}},"13":{"start":{"line":32,"column":8},"end":{"line":34,"column":9}},"14":{"start":{"line":33,"column":12},"end":{"line":33,"column":31}},"15":{"start":{"line":37,"column":25},"end":{"line":50,"column":5}},"16":{"start":{"line":38,"column":8},"end":{"line":49,"column":9}},"17":{"start":{"line":39,"column":12},"end":{"line":43,"column":15}},"18":{"start":{"line":45,"column":12},"end":{"line":45,"column":74}},"19":{"start":{"line":45,"column":48},"end":{"line":45,"column":71}},"20":{"start":{"line":46,"column":12},"end":{"line":46,"column":33}},"21":{"start":{"line":48,"column":12},"end":{"line":48,"column":81}},"22":{"start":{"line":52,"column":4},"end":{"line":92,"column":6}},"23":{"start":{"line":70,"column":28},"end":{"line":86,"column":33}},"24":{"start":{"line":78,"column":40},"end":{"line":78,"column":78}},"25":{"start":{"line":83,"column":78},"end":{"line":83,"column":102}}},"fnMap":{"0":{"name":"UserProfile","decl":{"start":{"line":8,"column":9},"end":{"line":8,"column":20}},"loc":{"start":{"line":8,"column":23},"end":{"line":93,"column":1}},"line":8},"1":{"name":"(anonymous_1)","decl":{"start":{"line":15,"column":14},"end":{"line":15,"column":15}},"loc":{"start":{"line":15,"column":20},"end":{"line":35,"column":5}},"line":15},"2":{"name":"(anonymous_2)","decl":{"start":{"line":16,"column":33},"end":{"line":16,"column":34}},"loc":{"start":{"line":16,"column":45},"end":{"line":30,"column":9}},"line":16},"3":{"name":"(anonymous_3)","decl":{"start":{"line":37,"column":25},"end":{"line":37,"column":26}},"loc":{"start":{"line":37,"column":45},"end":{"line":50,"column":5}},"line":37},"4":{"name":"(anonymous_4)","decl":{"start":{"line":45,"column":38},"end":{"line":45,"column":39}},"loc":{"start":{"line":45,"column":48},"end":{"line":45,"column":71}},"line":45},"5":{"name":"(anonymous_5)","decl":{"start":{"line":69,"column":37},"end":{"line":69,"column":38}},"loc":{"start":{"line":70,"column":28},"end":{"line":86,"column":33}},"line":70},"6":{"name":"(anonymous_6)","decl":{"start":{"line":77,"column":57},"end":{"line":77,"column":58}},"loc":{"start":{"line":78,"column":40},"end":{"line":78,"column":78}},"line":78},"7":{"name":"(anonymous_7)","decl":{"start":{"line":83,"column":72},"end":{"line":83,"column":73}},"loc":{"start":{"line":83,"column":78},"end":{"line":83,"column":102}},"line":83}},"branchMap":{"0":{"loc":{"start":{"line":32,"column":8},"end":{"line":34,"column":9}},"type":"if","locations":[{"start":{"line":32,"column":8},"end":{"line":34,"column":9}},{"start":{},"end":{}}],"line":32},"1":{"loc":{"start":{"line":61,"column":17},"end":{"line":89,"column":17}},"type":"cond-expr","locations":[{"start":{"line":62,"column":20},"end":{"line":62,"column":53}},{"start":{"line":63,"column":20},"end":{"line":89,"column":17}}],"line":61},"2":{"loc":{"start":{"line":63,"column":20},"end":{"line":89,"column":17}},"type":"cond-expr","locations":[{"start":{"line":64,"column":20},"end":{"line":64,"column":60}},{"start":{"line":65,"column":20},"end":{"line":89,"column":17}}],"line":63},"3":{"loc":{"start":{"line":65,"column":20},"end":{"line":89,"column":17}},"type":"cond-expr","locations":[{"start":{"line":66,"column":20},"end":{"line":66,"column":66}},{"start":{"line":68,"column":20},"end":{"line":88,"column":25}}],"line":65}},"s":{"0":0,"1":0,"2":0,"3":0,"4":0,"5":0,"6":0,"7":0,"8":0,"9":0,"10":0,"11":0,"12":0,"13":0,"14":0,"15":0,"16":0,"17":0,"18":0,"19":0,"20":0,"21":0,"22":0,"23":0,"24":0,"25":0},"f":{"0":0,"1":0,"2":0,"3":0,"4":0,"5":0,"6":0,"7":0},"b":{"0":[0,0],"1":[0,0],"2":[0,0],"3":[0,0]}}
,"C:\\Users\\29010-55-13\\IdeaProjects\\FoodieShare\\front\\src\\utils\\api.js": {"path":"C:\\Users\\29010-55-13\\IdeaProjects\\FoodieShare\\front\\src\\utils\\api.js","statementMap":{"0":{"start":{"line":3,"column":12},"end":{"line":5,"column":2}},"1":{"start":{"line":7,"column":0},"end":{"line":13,"column":3}},"2":{"start":{"line":8,"column":17},"end":{"line":8,"column":57}},"3":{"start":{"line":9,"column":4},"end":{"line":11,"column":5}},"4":{"start":{"line":10,"column":8},"end":{"line":10,"column":62}},"5":{"start":{"line":12,"column":4},"end":{"line":12,"column":18}}},"fnMap":{"0":{"name":"(anonymous_0)","decl":{"start":{"line":7,"column":29},"end":{"line":7,"column":30}},"loc":{"start":{"line":7,"column":41},"end":{"line":13,"column":1}},"line":7}},"branchMap":{"0":{"loc":{"start":{"line":9,"column":4},"end":{"line":11,"column":5}},"type":"if","locations":[{"start":{"line":9,"column":4},"end":{"line":11,"column":5}},{"start":{},"end":{}}],"line":9},"1":{"loc":{"start":{"line":9,"column":8},"end":{"line":9,"column":26}},"type":"binary-expr","locations":[{"start":{"line":9,"column":8},"end":{"line":9,"column":12}},{"start":{"line":9,"column":16},"end":{"line":9,"column":26}}],"line":9}},"s":{"0":0,"1":0,"2":0,"3":0,"4":0,"5":0},"f":{"0":0},"b":{"0":[0,0],"1":[0,0]}}
}
